smile_android/proguard/seeds.txt
com.holding.smile.R$dimen: int activity_horizontal_margin
com.holding.smile.R$dimen: int activity_vertical_margin
com.holding.smile.R$drawable: int add_btn
com.holding.smile.R$drawable: int add_btn_bg
com.holding.smile.R$drawable: int add_btn_click
com.holding.smile.R$drawable: int addcart_bg
com.holding.smile.R$drawable: int alipay
com.holding.smile.R$drawable: int back_normal
com.holding.smile.R$drawable: int back_pressed
com.holding.smile.R$drawable: int baise
com.holding.smile.R$drawable: int btn_back_bg
com.holding.smile.R$drawable: int btn_search_bg
com.holding.smile.R$drawable: int checkbox_bg
com.holding.smile.R$drawable: int clear
com.holding.smile.R$drawable: int clear_bg
com.holding.smile.R$drawable: int clear_click
com.holding.smile.R$drawable: int confirm_bg
com.holding.smile.R$drawable: int dahong
com.holding.smile.R$drawable: int dealmoon_cache_icon
com.holding.smile.R$drawable: int empty_photo
com.holding.smile.R$drawable: int head_bg
com.holding.smile.R$drawable: int ic_launcher
com.holding.smile.R$drawable: int ic_pulltorefresh_arrow
com.holding.smile.R$drawable: int ic_pulltorefresh_arrow_up
com.holding.smile.R$drawable: int ic_search
com.holding.smile.R$drawable: int icon_choice
com.holding.smile.R$drawable: int icon_delete
com.holding.smile.R$drawable: int icon_no_choice
com.holding.smile.R$drawable: int juhuang
com.holding.smile.R$drawable: int leibie
com.holding.smile.R$drawable: int leibie2
com.holding.smile.R$drawable: int loading
com.holding.smile.R$drawable: int login_input_bg
com.holding.smile.R$drawable: int lvse
com.holding.smile.R$id: int add_qty
com.holding.smile.R$id: int addcart
com.holding.smile.R$id: int all_checked
com.holding.smile.R$id: int amount
com.holding.smile.R$id: int app_grid
com.holding.smile.R$id: int b
com.holding.smile.R$id: int back_normal
com.holding.smile.R$id: int branc_pic
com.holding.smile.R$id: int brand_head
com.holding.smile.R$id: int brand_style
com.holding.smile.R$id: int btn_back
com.holding.smile.R$id: int buy_qty
com.holding.smile.R$id: int calculate_total
com.holding.smile.R$id: int cart_list
com.holding.smile.R$id: int cate_id
com.holding.smile.R$id: int cate_list_view
com.holding.smile.R$id: int check_box
com.holding.smile.R$id: int choose_color
com.holding.smile.R$id: int color_cate
com.holding.smile.R$id: int color_list
com.holding.smile.R$id: int confirm_btn
com.holding.smile.R$id: int content
com.holding.smile.R$id: int d
com.holding.smile.R$id: int del_btn
com.holding.smile.R$id: int desc
com.holding.smile.R$id: int email_address
com.holding.smile.R$id: int email_canle
com.holding.smile.R$id: int email_save
com.holding.smile.R$id: int foot
com.holding.smile.R$id: int footer
com.holding.smile.R$id: int footer_my_orders
com.holding.smile.R$id: int footer_my_orders_all_checked
com.holding.smile.R$id: int footer_my_orders_all_pay
com.holding.smile.R$id: int good_color
com.holding.smile.R$id: int good_n
com.holding.smile.R$id: int good_pic
com.holding.smile.R$id: int goods_list_view
com.holding.smile.R$id: int gridview
...
org.codehaus.jackson.map.deser.std.PrimitiveArrayDeserializers$ShortDeser
org.codehaus.jackson.map.deser.std.PrimitiveArrayDeserializers$ShortDeser: PrimitiveArrayDeserializers$ShortDeser()
org.codehaus.jackson.map.deser.std.PrimitiveArrayDeserializers$ShortDeser: short[] deserialize(org.codehaus.jackson.JsonParser,org.codehaus.jackson.map.DeserializationContext)
org.codehaus.jackson.map.deser.std.PrimitiveArrayDeserializers$ShortDeser: short[] handleNonArray(org.codehaus.jackson.JsonParser,org.codehaus.jackson.map.DeserializationContext)
org.codehaus.jackson.map.deser.std.PrimitiveArrayDeserializers$ShortDeser: java.lang.Object deserialize(org.codehaus.jackson.JsonParser,org.codehaus.jackson.map.DeserializationContext)
org.codehaus.jackson.map.deser.std.PrimitiveArrayDeserializers$StringDeser
org.codehaus.jackson.map.deser.std.PrimitiveArrayDeserializers$StringDeser: PrimitiveArrayDeserializers$StringDeser()
org.codehaus.jackson.map.deser.std.PrimitiveArrayDeserializers$StringDeser: java.lang.String[] deserialize(org.codehaus.jackson.JsonParser,org.codehaus.jackson.map.DeserializationContext)
org.codehaus.jackson.map.deser.std.PrimitiveArrayDeserializers$StringDeser: java.lang.String[] handleNonArray(org.codehaus.jackson.JsonParser,org.codehaus.jackson.map.DeserializationContext)
org.codehaus.jackson.map.deser.std.PrimitiveArrayDeserializers$StringDeser: java.lang.Object deserialize(org.codehaus.jackson.JsonParser,org.codehaus.jackson.map.DeserializationContext)
org.codehaus.jackson.map.deser.std.StdDeserializer
org.codehaus.jackson.map.deser.std.StdDeserializer: java.lang.Class _valueClass
org.codehaus.jackson.map.deser.std.StdDeserializer: StdDeserializer(java.lang.Class)
org.codehaus.jackson.map.deser.std.StdDeserializer: StdDeserializer(org.codehaus.jackson.type.JavaType)
org.codehaus.jackson.map.deser.std.StdDeserializer: java.lang.Class getValueClass()
org.codehaus.jackson.map.deser.std.StdDeserializer: org.codehaus.jackson.type.JavaType getValueType()
org.codehaus.jackson.map.deser.std.StdDeserializer: boolean isDefaultSerializer(org.codehaus.jackson.map.JsonDeserializer)
org.codehaus.jackson.map.deser.std.StdDeserializer: java.lang.Object deserializeWithType(org.codehaus.jackson.JsonParser,org.codehaus.jackson.map.DeserializationContext,org.codehaus.jackson.map.TypeDeserializer)
org.codehaus.jackson.map.deser.std.StdDeserializer: boolean _parseBooleanPrimitive(org.codehaus.jackson.JsonParser,org.codehaus.jackson.map.DeserializationContext)
org.codehaus.jackson.map.deser.std.StdDeserializer: java.lang.Boolean _parseBoolean(org.codehaus.jackson.JsonParser,org.codehaus.jackson.map.DeserializationContext)
org.codehaus.jackson.map.deser.std.StdDeserializer: java.lang.Byte _parseByte(org.codehaus.jackson.JsonParser,org.codehaus.jackson.map.DeserializationContext)
org.codehaus.jackson.map.deser.std.StdDeserializer: java.lang.Short _parseShort(org.codehaus.jackson.JsonParser,org.codehaus.jackson.map.DeserializationContext)
org.codehaus.jackson.map.deser.std.StdDeserializer$1
org.codehaus.jackson.map.deser.std.StdDeserializer$1: int[] $SwitchMap$org$codehaus$jackson$JsonToken
org.codehaus.jackson.map.deser.std.StdDeserializer$1: int[] $SwitchMap$org$codehaus$jackson$JsonParser$NumberType
org.codehaus.jackson.map.deser.std.StdDeserializer$1: void <clinit>()
org.codehaus.jackson.map.deser.std.StdDeserializer$BigDecimalDeserializer
org.codehaus.jackson.map.deser.std.StdDeserializer$BigDecimalDeserializer: StdDeserializer$BigDecimalDeserializer()
org.codehaus.jackson.map.deser.std.StdDeserializer$BigDecimalDeserializer: java.math.BigDecimal deserialize(org.codehaus.jackson.JsonParser,org.codehaus.jackson.map.DeserializationContext)
org.codehaus.jackson.map.deser.std.StdDeserializer$BigDecimalDeserializer: java.lang.Object deserialize(org.codehaus.jackson.JsonParser,org.codehaus.jackson.map.DeserializationContext)