smile_android/proguard/mapping.txt
com.holding.smile.activity.BaseActivity -> com.holding.smile.activity.BaseActivity:
    int CATE_CODE -> CATE_CODE
    int MORE_CODE -> MORE_CODE
    int SEARCH_CODE -> SEARCH_CODE
    int UPLOAD_IMAGE_CODE -> UPLOAD_IMAGE_CODE
    int EMAIL_CODE -> EMAIL_CODE
    int PHONE_CODE -> PHONE_CODE
    int SELECT_PHOTO_IMAGE -> SELECT_PHOTO_IMAGE
    int IDCARD_EDIT_CODE -> IDCARD_EDIT_CODE
    int ORDER_CODE -> ORDER_CODE
    android.content.Context context -> context
    android.widget.LinearLayout ly_content -> ly_content
    android.view.View contentView -> contentView
    int reqCode -> reqCode
    java.lang.String filepath -> filepath
    android.widget.ProgressBar progressBar -> progressBar
    int MENU_SETTINGS -> MENU_SETTINGS
    int MENU_CHANGEACCOUNT -> MENU_CHANGEACCOUNT
    int MENU_QUIT -> MENU_QUIT
    long waitTime -> waitTime
    long touchTime -> touchTime
    void onCreate(android.os.Bundle) -> onCreate
    void setVisible(int) -> setVisible
    void setHeadVisible() -> setHeadVisible
    void setFootVisible() -> setFootVisible
    android.widget.TextView displayHeaderDescription() -> displayHeaderDescription
    android.widget.ImageView displayHeaderBack() -> displayHeaderBack
    android.widget.TextView displayHeaderRight() -> displayHeaderRight
    void setContentLayout(int) -> setContentLayout
    android.view.View getLyContentView() -> getLyContentView
    boolean onCreateOptionsMenu(android.view.Menu) -> onCreateOptionsMenu
com.holding.smile.activity.BaseActivity$1 -> com.holding.smile.activity.BaseActivity$1:
    com.holding.smile.activity.BaseActivity this$0 -> this$0
    void run() -> run
com.holding.smile.activity.BaseActivity$2 -> com.holding.smile.activity.BaseActivity$2:
    com.holding.smile.activity.BaseActivity this$0 -> this$0
    void onClick(android.view.View) -> onClick
com.holding.smile.activity.BaseActivity$3 -> com.holding.smile.activity.BaseActivity$3:
    com.holding.smile.activity.BaseActivity this$0 -> this$0
    void onClick(android.view.View) -> onClick
com.holding.smile.activity.BaseActivity$4 -> com.holding.smile.activity.BaseActivity$4:
    com.holding.smile.activity.BaseActivity this$0 -> this$0
    void onClick(android.view.View) -> onClick
com.holding.smile.activity.BaseActivity$5 -> com.holding.smile.activity.BaseActivity$5:
    com.holding.smile.activity.BaseActivity this$0 -> this$0
    void onClick(android.view.View) -> onClick
com.holding.smile.activity.BaseActivity$6 -> com.holding.smile.activity.BaseActivity$6:
    com.holding.smile.activity.BaseActivity this$0 -> this$0
    void onClick(android.view.View) -> onClick
com.holding.smile.activity.CategoryActivity -> com.holding.smile.activity.CategoryActivity:
    int WHAT_DID_LOAD_DATA -> WHAT_DID_LOAD_DATA
    com.holding.smile.adapter.CategoryAdapter cateAdapter -> cateAdapter
    android.widget.ListView listView -> listView
    java.util.List cateList -> cateList
    android.os.Handler mUIHandler -> mUIHandler
    void onCreate(android.os.Bundle) -> onCreate
    void loadData() -> loadData
    void onClick(android.view.View) -> onClick
    void onDestroy() -> onDestroy
    java.util.List access$0(com.holding.smile.activity.CategoryActivity) -> access$0
    com.holding.smile.adapter.CategoryAdapter access$1(com.holding.smile.activity.CategoryActivity) -> access$1
com.holding.smile.activity.CategoryActivity$1 -> com.holding.smile.activity.CategoryActivity$1:
    com.holding.smile.activity.CategoryActivity this$0 -> this$0
    void handleMessage(android.os.Message) -> handleMessage
com.holding.smile.activity.CategoryActivity$2 -> com.holding.smile.activity.CategoryActivity$2:
    com.holding.smile.activity.CategoryActivity this$0 -> this$0
    void onItemClick(android.widget.AdapterView,android.view.View,int,long) -> onItemClick
...
org.codehaus.jackson.map.ser.impl.SimpleBeanPropertyFilter -> org.codehaus.jackson.map.ser.impl.SimpleBeanPropertyFilter:
    org.codehaus.jackson.map.ser.impl.SimpleBeanPropertyFilter filterOutAllExcept(java.util.Set) -> filterOutAllExcept
    org.codehaus.jackson.map.ser.impl.SimpleBeanPropertyFilter filterOutAllExcept(java.lang.String[]) -> filterOutAllExcept
    org.codehaus.jackson.map.ser.impl.SimpleBeanPropertyFilter serializeAllExcept(java.util.Set) -> serializeAllExcept
    org.codehaus.jackson.map.ser.impl.SimpleBeanPropertyFilter serializeAllExcept(java.lang.String[]) -> serializeAllExcept
org.codehaus.jackson.map.ser.impl.SimpleBeanPropertyFilter$FilterExceptFilter -> org.codehaus.jackson.map.ser.impl.SimpleBeanPropertyFilter$FilterExceptFilter:
    java.util.Set _propertiesToInclude -> _propertiesToInclude
    void serializeAsField(java.lang.Object,org.codehaus.jackson.JsonGenerator,org.codehaus.jackson.map.SerializerProvider,org.codehaus.jackson.map.ser.BeanPropertyWriter) -> serializeAsField
org.codehaus.jackson.map.ser.impl.SimpleBeanPropertyFilter$SerializeExceptFilter -> org.codehaus.jackson.map.ser.impl.SimpleBeanPropertyFilter$SerializeExceptFilter:
    java.util.Set _propertiesToExclude -> _propertiesToExclude
    void serializeAsField(java.lang.Object,org.codehaus.jackson.JsonGenerator,org.codehaus.jackson.map.SerializerProvider,org.codehaus.jackson.map.ser.BeanPropertyWriter) -> serializeAsField
org.codehaus.jackson.map.ser.impl.SimpleFilterProvider -> org.codehaus.jackson.map.ser.impl.SimpleFilterProvider:
    java.util.Map _filtersById -> _filtersById
    org.codehaus.jackson.map.ser.BeanPropertyFilter _defaultFilter -> _defaultFilter
    boolean _cfgFailOnUnknownId -> _cfgFailOnUnknownId
    org.codehaus.jackson.map.ser.impl.SimpleFilterProvider setDefaultFilter(org.codehaus.jackson.map.ser.BeanPropertyFilter) -> setDefaultFilter
    org.codehaus.jackson.map.ser.BeanPropertyFilter getDefaultFilter() -> getDefaultFilter
    org.codehaus.jackson.map.ser.impl.SimpleFilterProvider setFailOnUnknownId(boolean) -> setFailOnUnknownId
    boolean willFailOnUnknownId() -> willFailOnUnknownId
    org.codehaus.jackson.map.ser.impl.SimpleFilterProvider addFilter(java.lang.String,org.codehaus.jackson.map.ser.BeanPropertyFilter) -> addFilter
    org.codehaus.jackson.map.ser.BeanPropertyFilter removeFilter(java.lang.String) -> removeFilter
    org.codehaus.jackson.map.ser.BeanPropertyFilter findFilter(java.lang.Object) -> findFilter
org.codehaus.jackson.map.ser.impl.UnknownSerializer -> org.codehaus.jackson.map.ser.impl.UnknownSerializer:
    void serialize(java.lang.Object,org.codehaus.jackson.JsonGenerator,org.codehaus.jackson.map.SerializerProvider) -> serialize
    void serializeWithType(java.lang.Object,org.codehaus.jackson.JsonGenerator,org.codehaus.jackson.map.SerializerProvider,org.codehaus.jackson.map.TypeSerializer) -> serializeWithType
    org.codehaus.jackson.JsonNode getSchema(org.codehaus.jackson.map.SerializerProvider,java.lang.reflect.Type) -> getSchema
    void failForEmpty(java.lang.Object) -> failForEmpty
org.codehaus.jackson.map.ser.impl.UnwrappingBeanPropertyWriter -> org.codehaus.jackson.map.ser.impl.UnwrappingBeanPropertyWriter:
    org.codehaus.jackson.map.ser.BeanPropertyWriter withSerializer(org.codehaus.jackson.map.JsonSerializer) -> withSerializer
    void serializeAsField(java.lang.Object,org.codehaus.jackson.JsonGenerator,org.codehaus.jackson.map.SerializerProvider) -> serializeAsField
    org.codehaus.jackson.map.JsonSerializer _findAndAddDynamic(org.codehaus.jackson.map.ser.impl.PropertySerializerMap,java.lang.Class,org.codehaus.jackson.map.SerializerProvider) -> _findAndAddDynamic