smile_android/proguard/usage.txt
com.holding.smile.BuildConfig
com.holding.smile.R
com.holding.smile.R$attr
com.holding.smile.R$dimen
com.holding.smile.R$drawable
com.holding.smile.R$id
com.holding.smile.R$layout
com.holding.smile.R$menu
com.holding.smile.R$raw
com.holding.smile.R$string
com.holding.smile.R$style
com.holding.smile.adapter.ColorAdapter
com.holding.smile.adapter.ColorAdapter$ViewHolder
com.holding.smile.adapter.ImageAdapter
com.holding.smile.adapter.ImageAdapter$ViewHolder
com.holding.smile.adapter.MyOrderInformAdapter:
    40:41:public void setFlagBusy(boolean)
    54:56:public void setData(java.util.List)
com.holding.smile.adapter.MyOrdersAdapter:
    251:251:public java.lang.Boolean getSelectAll()
com.holding.smile.adapter.MyOrdersAdapter$ViewHolder:
    android.widget.ImageView cover
    android.widget.TextView total
com.holding.smile.adapter.MyShoppingCartAdapter:
    46:47:public void setFlagBusy(boolean)
    83:85:public void setData(java.util.List)
    88:90:public void removeItem(com.holding.smile.entity.CartItem)
com.holding.smile.adapter.RecommendGoodsAdapter
com.holding.smile.adapter.RecommendGoodsAdapter$1
com.holding.smile.adapter.RecommendGoodsAdapter$ViewHolder
com.holding.smile.cache.ImageLoader:
    249:250:public void clearFileCache()
com.holding.smile.myview.MyTableLayout
com.holding.smile.myview.PullToRefreshView:
    private static final int PULL_TO_REFRESH
    private static final int RELEASE_TO_REFRESH
    private static final int REFRESHING
    private static final int PULL_UP_STATE
    private static final int PULL_DOWN_STATE
    137:137:public boolean isRefreshFlag()
    145:145:public boolean isMoreFlag()
    607:609:public void onHeaderRefreshComplete(java.lang.CharSequence)
com.holding.smile.service.DataService:
    82:83:public com.holding.smile.dto.RtnValueDto getIndexListInit(java.lang.Integer)
com.holding.smile.service.LoginService:
    271:297:public com.holding.smile.dto.RtnValueDto register(com.holding.smile.entity.SUser)
com.holding.smile.service.SQLiteService:
    118:131:public java.util.List getProvinces(java.lang.Integer)
    142:154:public java.util.List getCitys(java.lang.Integer)
    165:178:public java.util.List getDistricts(java.lang.Integer)
    193:204:public java.lang.String getProvinceCityDistrict(java.lang.Integer,java.lang.Integer,java.lang.Integer)
    319:338:public com.holding.smile.entity.SUser setCurrentUser(java.lang.String)
    400:421:public com.holding.smile.entity.SUser getUserByUsername(java.lang.String)
    425:439:public boolean isDefaultConsignee(java.lang.Integer)
com.holding.smile.tools.BitmapUtils:
    26:26:public BitmapUtils()
    100:116:public static android.graphics.Bitmap getRotateBitmap(java.lang.String,int,int,int)
    127:129:public static byte[] bitmap2Bytes(android.graphics.Bitmap)
    192:222:public static android.graphics.Bitmap resizeBitmap(android.graphics.Bitmap,int,int)
    294:322:public static java.lang.String pngToJPEG(java.lang.String,java.lang.String)
com.holding.smile.tools.ClickUtil:
    9:9:public ClickUtil()
com.holding.smile.tools.CodeValidator:
    32:33:private CodeValidator()
    145:145:public static void main(java.lang.String[])
com.holding.smile.tools.CommonLog:
    14:16:public CommonLog(java.lang.String)
    50:55:public void info(java.lang.Object)
    58:61:public void i(java.lang.Object)
    64:69:public void verbose(java.lang.Object)
    72:75:public void v(java.lang.Object)
    78:83:public void warn(java.lang.Object)
    86:89:public void w(java.lang.Object)
    100:121:public void error(java.lang.Exception)
    130:133:public void e(java.lang.Exception)
com.holding.smile.tools.CommonUtil:
    9:9:public CommonUtil()
    31:47:public static boolean checkNetState(android.content.Context)
...
android.support.v4.net.TrafficStatsCompat
android.support.v4.net.TrafficStatsCompat$1
android.support.v4.net.TrafficStatsCompat$BaseTrafficStatsCompatImpl
android.support.v4.net.TrafficStatsCompat$BaseTrafficStatsCompatImpl$1
android.support.v4.net.TrafficStatsCompat$BaseTrafficStatsCompatImpl$SocketTags
android.support.v4.net.TrafficStatsCompat$IcsTrafficStatsCompatImpl
android.support.v4.net.TrafficStatsCompat$TrafficStatsCompatImpl
android.support.v4.net.TrafficStatsCompatIcs
android.support.v4.os.EnvironmentCompat
android.support.v4.os.EnvironmentCompatKitKat
android.support.v4.os.ParcelableCompat:
    26:42:public ParcelableCompat()
android.support.v4.os.ParcelableCompatCreatorHoneycombMR2Stub:
    22:22:ParcelableCompatCreatorHoneycombMR2Stub()
android.support.v4.print.PrintHelper
android.support.v4.print.PrintHelper$1
android.support.v4.print.PrintHelper$PrintHelperKitkatImpl
android.support.v4.print.PrintHelper$PrintHelperStubImpl
android.support.v4.print.PrintHelper$PrintHelperVersionImpl
android.support.v4.print.PrintHelperKitkat
android.support.v4.print.PrintHelperKitkat$1
android.support.v4.text.BidiFormatter
android.support.v4.text.BidiFormatter$1
android.support.v4.text.BidiFormatter$Builder
android.support.v4.text.BidiFormatter$DirectionalityEstimator
android.support.v4.text.ICUCompat
android.support.v4.text.ICUCompat$ICUCompatImpl
android.support.v4.text.ICUCompat$ICUCompatImplBase
android.support.v4.text.ICUCompat$ICUCompatImplIcs
android.support.v4.text.ICUCompatIcs
android.support.v4.text.TextDirectionHeuristicCompat
android.support.v4.text.TextDirectionHeuristicsCompat
android.support.v4.text.TextDirectionHeuristicsCompat$1
android.support.v4.text.TextDirectionHeuristicsCompat$AnyStrong
android.support.v4.text.TextDirectionHeuristicsCompat$FirstStrong
android.support.v4.text.TextDirectionHeuristicsCompat$TextDirectionAlgorithm
android.support.v4.text.TextDirectionHeuristicsCompat$TextDirectionHeuristicImpl
android.support.v4.text.TextDirectionHeuristicsCompat$TextDirectionHeuristicInternal
android.support.v4.text.TextDirectionHeuristicsCompat$TextDirectionHeuristicLocale
android.support.v4.text.TextUtilsCompat
android.support.v4.util.ArrayMap:
    61:62:public ArrayMap(int)
    68:69:public ArrayMap(android.support.v4.util.SimpleArrayMap)
    130:130:public boolean containsAll(java.util.Collection)
    151:151:public boolean removeAll(java.util.Collection)
    161:161:public boolean retainAll(java.util.Collection)
android.support.v4.util.AtomicFile
android.support.v4.util.ContainerHelpers:
    19:19:ContainerHelpers()
    29:29:public static int idealLongArraySize(int)
    65:80:static int binarySearch(long[],int,long)
android.support.v4.util.DebugUtils:
    25:25:public DebugUtils()
android.support.v4.util.LongSparseArray
android.support.v4.util.LruCache
android.support.v4.util.SimpleArrayMap:
    private static final boolean DEBUG
    private static final java.lang.String TAG
    private static final int BASE_SIZE
    private static final int CACHE_SIZE
    217:225:public SimpleArrayMap(int)
    231:235:public SimpleArrayMap(android.support.v4.util.SimpleArrayMap)
    419:432:public void putAll(android.support.v4.util.SimpleArrayMap)
android.support.v4.util.SparseArrayCompat:
    76:76:public java.lang.Object get(int)
    85:90:public java.lang.Object get(int,java.lang.Object)
    98:106:public void delete(int)
    112:113:public void remove(int)
    119:123:public void removeAt(int)
    132:136:public void removeAtRange(int,int)
    172:216:public void put(int,java.lang.Object)
    263:268:public void setValueAt(int,java.lang.Object)
    276:280:public int indexOfKey(int)
    294:302:public int indexOfValue(java.lang.Object)
    325:352:public void append(int,java.lang.Object)
android.support.v4.util.TimeUtils
android.support.v4.view.AccessibilityDelegateCompatIcs:
    28:30:AccessibilityDelegateCompatIcs()